<?xml version="1.0" encoding="UTF-8"?>
<testng-results total="1" passed="0" failed="1" skipped="0">
  <reporter-output>
  </reporter-output>
  <suite started-at="2022-05-26T05:54:00Z" name="Default suite" finished-at="2022-05-26T05:54:20Z" duration-ms="19965">
    <groups>
      <group name="sanity">
        <method signature="LoginTest.checkLogin()[pri:0, instance:testase_360.LoginTest@62010f5c]" name="checkLogin" class="testase_360.LoginTest"/>
      </group> <!-- sanity -->
    </groups>
    <test started-at="2022-05-26T05:54:00Z" name="Default test" finished-at="2022-05-26T05:54:20Z" duration-ms="19965">
      <class name="testase_360.LoginTest">
        <test-method signature="checkLogin()[pri:0, instance:testase_360.LoginTest@62010f5c]" started-at="2022-05-26T11:24:00Z" name="checkLogin" finished-at="2022-05-26T11:24:19Z" duration-ms="19591" status="FAIL">
          <exception class="java.lang.NoSuchMethodError">
            <message>
              <![CDATA['java.lang.Object org.openqa.selenium.support.PageFactory.initElements(org.openqa.selenium.SearchContext, java.lang.Class)']]>
            </message>
            <full-stacktrace>
              <![CDATA[java.lang.NoSuchMethodError: 'java.lang.Object org.openqa.selenium.support.PageFactory.initElements(org.openqa.selenium.SearchContext, java.lang.Class)'
	at testase_360.LoginTest.checkLogin(LoginTest.java:20)
	at java.base/jdk.internal.reflect.NativeMethodAccessorImpl.invoke0(Native Method)
	at java.base/jdk.internal.reflect.NativeMethodAccessorImpl.invoke(NativeMethodAccessorImpl.java:78)
	at java.base/jdk.internal.reflect.DelegatingMethodAccessorImpl.invoke(DelegatingMethodAccessorImpl.java:43)
	at java.base/java.lang.reflect.Method.invoke(Method.java:567)
	at org.testng.internal.MethodInvocationHelper.invokeMethod(MethodInvocationHelper.java:84)
	at org.testng.internal.Invoker.invokeMethod(Invoker.java:714)
	at org.testng.internal.Invoker.invokeTestMethod(Invoker.java:901)
	at org.testng.internal.Invoker.invokeTestMethods(Invoker.java:1231)
	at org.testng.internal.TestMethodWorker.invokeTestMethods(TestMethodWorker.java:127)
	at org.testng.internal.TestMethodWorker.run(TestMethodWorker.java:111)
	at org.testng.TestRunner.privateRun(TestRunner.java:767)
	at org.testng.TestRunner.run(TestRunner.java:617)
	at org.testng.SuiteRunner.runTest(SuiteRunner.java:334)
	at org.testng.SuiteRunner.runSequentially(SuiteRunner.java:329)
	at org.testng.SuiteRunner.privateRun(SuiteRunner.java:291)
	at org.testng.SuiteRunner.run(SuiteRunner.java:240)
	at org.testng.SuiteRunnerWorker.runSuite(SuiteRunnerWorker.java:52)
	at org.testng.SuiteRunnerWorker.run(SuiteRunnerWorker.java:86)
	at org.testng.TestNG.runSuitesSequentially(TestNG.java:1224)
	at org.testng.TestNG.runSuitesLocally(TestNG.java:1149)
	at org.testng.TestNG.run(TestNG.java:1057)
	at org.testng.remote.AbstractRemoteTestNG.run(AbstractRemoteTestNG.java:115)
	at org.testng.remote.RemoteTestNG.initAndRun(RemoteTestNG.java:251)
	at org.testng.remote.RemoteTestNG.main(RemoteTestNG.java:77)
]]>
            </full-stacktrace>
          </exception> <!-- java.lang.NoSuchMethodError -->
          <reporter-output>
          </reporter-output>
        </test-method> <!-- checkLogin -->
        <test-method is-config="true" signature="teardown()[pri:0, instance:testase_360.LoginTest@62010f5c]" started-at="2022-05-26T11:24:19Z" name="teardown" finished-at="2022-05-26T11:24:20Z" duration-ms="350" status="PASS">
          <reporter-output>
          </reporter-output>
        </test-method> <!-- teardown -->
      </class> <!-- testase_360.LoginTest -->
    </test> <!-- Default test -->
  </suite> <!-- Default suite -->
</testng-results>
